-------------------------------------------------------------------------------
Test set: com.mc646.BoundedQueueTest
-------------------------------------------------------------------------------
Tests run: 1, Failures: 1, Errors: 0, Skipped: 0, Time elapsed: 0.555 s <<< FAILURE! - in com.mc646.BoundedQueueTest
TestPath  Time elapsed: 0.06 s  <<< FAILURE!
org.opentest4j.AssertionFailedError: expected: <false> but was: <true>
	at com.mc646.BoundedQueueTest.v_FilaNaoCheia(BoundedQueueTest.java:139)
	at com.mc646.BoundedQueueTest.TestPath(BoundedQueueTest.java:488)

