<?xml version="1.0" encoding="UTF-8"?>
<testsuite xmlns:xsi="http://www.w3.org/2001/XMLSchema-instance" xsi:noNamespaceSchemaLocation="https://maven.apache.org/surefire/maven-surefire-plugin/xsd/surefire-test-report.xsd" name="com.mc646.BoundedQueueTest" time="0.555" tests="1" errors="0" skipped="0" failures="1">
  <properties>
[...]
</properties>
  <testcase name="TestPath" classname="com.mc646.BoundedQueueTest" time="0.06">
    <failure message="expected: &lt;false&gt; but was: &lt;true&gt;" type="org.opentest4j.AssertionFailedError"><![CDATA[org.opentest4j.AssertionFailedError: expected: <false> but was: <true>
	at com.mc646.BoundedQueueTest.v_FilaNaoCheia(BoundedQueueTest.java:139)
	at com.mc646.BoundedQueueTest.TestPath(BoundedQueueTest.java:488)
]]></failure>
    <system-out><![CDATA[Running: v_Inicializa
Running: e_criaBoundedQueue
Running: v_FilaVazia
Running: e_Enfileira
Running: v_FilaNaoCheia
Running: e_EnfileiraNulo
Running: v_NullPointerException
Running: e_Reinicia
Running: v_Inicializa
Running: e_criaBoundedQueue
Running: v_FilaVazia
Running: e_DesenfileiraVazio
Running: v_ExecaoIlegalState
Running: e_Reinicia
Running: v_Inicializa
Running: e_criaBoundedQueue
Running: v_FilaVazia
Running: e_EnfileiraNulo
Running: v_NullPointerException
Running: e_Reinicia
Running: v_Inicializa
Running: e_criaBoundedQueue
Running: v_FilaVazia
Running: e_DesenfileiraVazio
Running: v_ExecaoIlegalState
Running: e_Reinicia
Running: v_Inicializa
Running: e_criaBoundedQueue
Running: v_FilaVazia
Running: e_DesenfileiraVazio
Running: v_ExecaoIlegalState
Running: e_Reinicia
Running: v_Inicializa
Running: e_criaBoundedQueue
Running: v_FilaVazia
Running: e_EnfileiraNulo
Running: v_NullPointerException
Running: e_Reinicia
Running: v_Inicializa
Running: e_criaBoundedQueue
Running: v_FilaVazia
Running: e_DesenfileiraVazio
Running: v_ExecaoIlegalState
Running: e_Reinicia
Running: v_Inicializa
Running: e_criaBoundedQueue
Running: v_FilaVazia
Running: e_Enfileira
Running: v_FilaNaoCheia
Running: e_EnfileiraNulo
Running: v_NullPointerException
Running: e_Reinicia
Running: v_Inicializa
Running: e_criaBoundedQueue
Running: v_FilaVazia
Running: e_Enfileira
Running: v_FilaNaoCheia
Running: e_EnfileiraNaoCheio
Running: v_FilaNaoCheia
Running: e_EnfileiraNulo
Running: v_NullPointerException
Running: e_Reinicia
Running: v_Inicializa
Running: e_criaBoundedQueue
Running: v_FilaVazia
Running: e_DesenfileiraVazio
Running: v_ExecaoIlegalState
Running: e_Reinicia
Running: v_Inicializa
Running: e_criaBoundedQueue
Running: v_FilaVazia
Running: e_DesenfileiraVazio
Running: v_ExecaoIlegalState
Running: e_Reinicia
Running: v_Inicializa
Running: e_criaBoundedQueue
Running: v_FilaVazia
Running: e_EnfileiraNulo
Running: v_NullPointerException
Running: e_Reinicia
Running: v_Inicializa
Running: e_criaBoundedQueue
Running: v_FilaVazia
Running: e_EnfileiraNulo
Running: v_NullPointerException
Running: e_Reinicia
Running: v_Inicializa
Running: e_criaBoundedQueue
Running: v_FilaVazia
Running: e_DesenfileiraVazio
Running: v_ExecaoIlegalState
Running: e_Reinicia
Running: v_Inicializa
Running: e_criaBoundedQueue
Running: v_FilaVazia
Running: e_EnfileiraNulo
Running: v_NullPointerException
Running: e_Reinicia
Running: v_Inicializa
Running: e_criaBoundedQueue
Running: v_FilaVazia
Running: e_DesenfileiraVazio
Running: v_ExecaoIlegalState
Running: e_Reinicia
Running: v_Inicializa
Running: e_criaBoundedQueue
Running: v_FilaVazia
Running: e_Enfileira
Running: v_FilaNaoCheia
Running: e_EnfileiraNulo
Running: v_NullPointerException
Running: e_Reinicia
Running: v_Inicializa
Running: e_criaBoundedQueue
Running: v_FilaVazia
Running: e_Enfileira
Running: v_FilaNaoCheia
Running: e_EnfileiraNulo
Running: v_NullPointerException
Running: e_Reinicia
Running: v_Inicializa
Running: e_criaBoundedQueue
Running: v_FilaVazia
Running: e_Enfileira
Running: v_FilaNaoCheia
Running: e_EnfileiraNulo
Running: v_NullPointerException
Running: e_Reinicia
Running: v_Inicializa
Running: e_criaBoundedQueue
Running: v_FilaVazia
Running: e_EnfileiraNulo
Running: v_NullPointerException
Running: e_Reinicia
Running: v_Inicializa
Running: e_criaBoundedQueue
Running: v_FilaVazia
Running: e_EnfileiraNulo
Running: v_NullPointerException
Running: e_Reinicia
Running: v_Inicializa
Running: e_criaBoundedQueue
Running: v_FilaVazia
Running: e_Enfileira
Running: v_FilaNaoCheia
Running: e_EnfileiraNulo
Running: v_NullPointerException
Running: e_Reinicia
Running: v_Inicializa
Running: e_criaBoundedQueue
Running: v_FilaVazia
Running: e_EnfileiraNulo
Running: v_NullPointerException
Running: e_Reinicia
Running: v_Inicializa
Running: e_criaBoundedQueue
Running: v_FilaVazia
Running: e_DesenfileiraVazio
Running: v_ExecaoIlegalState
Running: e_Reinicia
Running: v_Inicializa
Running: e_criaBoundedQueue
Running: v_FilaVazia
Running: e_EnfileiraNulo
Running: v_NullPointerException
Running: e_Reinicia
Running: v_Inicializa
Running: e_criaBoundedQueue
Running: v_FilaVazia
Running: e_DesenfileiraVazio
Running: v_ExecaoIlegalState
Running: e_Reinicia
Running: v_Inicializa
Running: e_criaBoundedQueue
Running: v_FilaVazia
Running: e_Enfileira
Running: v_FilaNaoCheia
Running: e_EnfileiraNulo
Running: v_NullPointerException
Running: e_Reinicia
Running: v_Inicializa
Running: e_criaBoundedQueue
Running: v_FilaVazia
Running: e_DesenfileiraVazio
Running: v_ExecaoIlegalState
Running: e_Reinicia
Running: v_Inicializa
Running: e_criaBoundedQueue
Running: v_FilaVazia
Running: e_DesenfileiraVazio
Running: v_ExecaoIlegalState
Running: e_Reinicia
Running: v_Inicializa
Running: e_criaBoundedQueue
Running: v_FilaVazia
Running: e_EnfileiraNulo
Running: v_NullPointerException
Running: e_Reinicia
Running: v_Inicializa
Running: e_criaBoundedQueue
Running: v_FilaVazia
Running: e_EnfileiraNulo
Running: v_NullPointerException
Running: e_Reinicia
Running: v_Inicializa
Running: e_criaBoundedQueue
Running: v_FilaVazia
Running: e_Enfileira
Running: v_FilaNaoCheia
Running: e_EnfileiraNulo
Running: v_NullPointerException
Running: e_Reinicia
Running: v_Inicializa
Running: e_criaBoundedQueue
Running: v_FilaVazia
Running: e_Enfileira
Running: v_FilaNaoCheia
Running: e_EnfileiraNaoCheio
Running: v_FilaNaoCheia
Running: e_EnfileiraNaoCheio
Running: v_FilaNaoCheia
Running: e_EnfileiraNulo
Running: v_NullPointerException
Running: e_Reinicia
Running: v_Inicializa
Running: e_criaBoundedQueue
Running: v_FilaVazia
Running: e_DesenfileiraVazio
Running: v_ExecaoIlegalState
Running: e_Reinicia
Running: v_Inicializa
Running: e_criaBoundedQueue
Running: v_FilaVazia
Running: e_DesenfileiraVazio
Running: v_ExecaoIlegalState
Running: e_Reinicia
Running: v_Inicializa
Running: e_criaBoundedQueue
Running: v_FilaVazia
Running: e_Enfileira
Running: v_FilaNaoCheia
Running: e_EnfileiraNaoCheio
Running: v_FilaNaoCheia
Running: e_EnfileiraNaoCheio
Running: v_FilaNaoCheia
Running: e_DesenfileiraNaoCheio
Running: v_FilaNaoCheia
Running: e_DesenfileiraNaoCheio
Running: v_FilaNaoCheia
Running: e_EnfileiraNaoCheio
Running: v_FilaNaoCheia
Running: e_EnfileiraNulo
Running: v_NullPointerException
Running: e_Reinicia
Running: v_Inicializa
Running: e_criaBoundedQueue
Running: v_FilaVazia
Running: e_DesenfileiraVazio
Running: v_ExecaoIlegalState
Running: e_Reinicia
Running: v_Inicializa
Running: e_criaBoundedQueue
Running: v_FilaVazia
Running: e_EnfileiraNulo
Running: v_NullPointerException
Running: e_Reinicia
Running: v_Inicializa
Running: e_criaBoundedQueue
Running: v_FilaVazia
Running: e_EnfileiraNulo
Running: v_NullPointerException
Running: e_Reinicia
Running: v_Inicializa
Running: e_criaBoundedQueue
Running: v_FilaVazia
Running: e_DesenfileiraVazio
Running: v_ExecaoIlegalState
Running: e_Reinicia
Running: v_Inicializa
Running: e_criaBoundedQueue
Running: v_FilaVazia
Running: e_Enfileira
Running: v_FilaNaoCheia
Running: e_EnfileiraNulo
Running: v_NullPointerException
Running: e_Reinicia
Running: v_Inicializa
Running: e_criaBoundedQueue
Running: v_FilaVazia
Running: e_Enfileira
Running: v_FilaNaoCheia
Running: e_DesenfileiraVazio
Running: v_FilaVazia
Running: e_Enfileira
Running: v_FilaNaoCheia
Running: e_DesenfileiraVazio
Running: v_FilaVazia
Running: e_EnfileiraNulo
Running: v_NullPointerException
Running: e_Reinicia
Running: v_Inicializa
Running: e_criaBoundedQueue
Running: v_FilaVazia
Running: e_EnfileiraNulo
Running: v_NullPointerException
Running: e_Reinicia
Running: v_Inicializa
Running: e_criaBoundedQueue
Running: v_FilaVazia
Running: e_Enfileira
Running: v_FilaNaoCheia
Running: e_EnfileiraNaoCheio
Running: v_FilaNaoCheia
Running: e_EnfileiraNaoCheio
Running: v_FilaNaoCheia
Running: e_EnfileiraNulo
Running: v_NullPointerException
Running: e_Reinicia
Running: v_Inicializa
Running: e_criaBoundedQueue
Running: v_FilaVazia
Running: e_EnfileiraNulo
Running: v_NullPointerException
Running: e_Reinicia
Running: v_Inicializa
Running: e_criaBoundedQueue
Running: v_FilaVazia
Running: e_Enfileira
Running: v_FilaNaoCheia
Running: e_EnfileiraNulo
Running: v_NullPointerException
Running: e_Reinicia
Running: v_Inicializa
Running: e_criaBoundedQueue
Running: v_FilaVazia
Running: e_Enfileira
Running: v_FilaNaoCheia
Running: e_DesenfileiraNaoCheio
Running: v_FilaNaoCheia
]]></system-out>
  </testcase>
</testsuite>